\BOOKMARK [1][-]{section.1}{INTRODUCTION}{}% 1
\BOOKMARK [2][-]{subsection.1.1}{On Your Computer}{section.1}% 2
\BOOKMARK [3][-]{subsubsection.1.1.1}{Development Environment}{subsection.1.1}% 3
\BOOKMARK [2][-]{subsection.1.2}{Additional hardware}{section.1}% 4
\BOOKMARK [1][-]{section.2}{SETUP}{}% 5
\BOOKMARK [2][-]{subsection.2.1}{Raspberry Pi}{section.2}% 6
\BOOKMARK [3][-]{subsubsection.2.1.1}{Setting up a new Pi: The Easy Way}{subsection.2.1}% 7
\BOOKMARK [3][-]{subsubsection.2.1.2}{Setting up a new Pi: The Harder Way}{subsection.2.1}% 8
\BOOKMARK [3][-]{subsubsection.2.1.3}{Images and space}{subsection.2.1}% 9
\BOOKMARK [3][-]{subsubsection.2.1.4}{Editing the Python script}{subsection.2.1}% 10
\BOOKMARK [3][-]{subsubsection.2.1.5}{Camera parameters}{subsection.2.1}% 11
\BOOKMARK [2][-]{subsection.2.2}{Logger}{section.2}% 12
\BOOKMARK [3][-]{subsubsection.2.2.1}{Radio parameters}{subsection.2.2}% 13
\BOOKMARK [3][-]{subsubsection.2.2.2}{Logging parameters}{subsection.2.2}% 14
\BOOKMARK [2][-]{subsection.2.3}{Controller}{section.2}% 15
\BOOKMARK [3][-]{subsubsection.2.3.1}{Logging parameters}{subsection.2.3}% 16
\BOOKMARK [2][-]{subsection.2.4}{Putting everything together}{section.2}% 17
\BOOKMARK [3][-]{subsubsection.2.4.1}{Connecting the RTC to the controller}{subsection.2.4}% 18
\BOOKMARK [3][-]{subsubsection.2.4.2}{Setting the time}{subsection.2.4}% 19
\BOOKMARK [3][-]{subsubsection.2.4.3}{Connecting the controller to the Raspberry Pi}{subsection.2.4}% 20
\BOOKMARK [3][-]{subsubsection.2.4.4}{Powering the base station}{subsection.2.4}% 21
\BOOKMARK [2][-]{subsection.2.5}{Monitoring battery temperature}{section.2}% 22
\BOOKMARK [3][-]{subsubsection.2.5.1}{Powering the logger}{subsection.2.5}% 23
\BOOKMARK [2][-]{subsection.2.6}{Connecting the photodiodes}{section.2}% 24
\BOOKMARK [2][-]{subsection.2.7}{Placement}{section.2}% 25
\BOOKMARK [1][-]{section.3}{RETRIEVING DATA}{}% 26
\BOOKMARK [2][-]{subsection.3.1}{Copying from the SD card}{section.3}% 27
\BOOKMARK [2][-]{subsection.3.2}{Copying over wired connection}{section.3}% 28
\BOOKMARK [2][-]{subsection.3.3}{Understanding the data}{section.3}% 29
\BOOKMARK [2][-]{subsection.3.4}{Deleting data}{section.3}% 30
